iMPACT Version: Jun  8 2013 14:46:34

iMPACT log file Started on Wed Dec 06 20:28:43 2017

Preference Table
Name                 Setting             
StartupClock         Auto_Correction     
AutoSignature        False               
KeepSVF              False               
ConcurrentMode       False               
UseHighz             False               
ConfigOnFailure      Stop                
UserLevel            Novice              
MessageLevel         Detailed            
svfUseTime           false               
SpiByteSwap          Auto_Correction     
AutoInfer            false               
SvfPlayDisplayComments false               
INFO:iMPACT - Digilent Plugin: Plugin Version: 2.4.4
INFO:iMPACT - Digilent Plugin: no JTAG device was found.
AutoDetecting cable. Please wait.
*** WARNING ***: When port is set to auto detect mode, cable speed is set todefault 6 MHz regardless of explicit arguments supplied for setting the baudrates
Connecting to cable (Usb Port - USB21).
Checking cable driver.
 Driver file xusbdfwu.sys found.
 Driver version: src=1027, dest=1027.
 Driver windrvr6.sys version = 10.2.1.0. WinDriver v10.21 Jungo (c) 1997 - 2010 Build Date: Aug 31 2010 X86 32bit SYS14:35:41, version = 1021.
 Cable PID = 0008.
 Max current requested during enumeration is 280 mA.
Type = 0x0605.
 Cable Type = 3, Revision = 0.
 Setting cable speed to 6 MHz.
Cable connection established.
Firmware version = 1100.
File version of C:/Xilinx/14.6/ISE_DS/ISE/data/xusbdfwu.hex = 1100.
Firmware hex file version = 1100.
PLD file version = 0012h.
 PLD version = 0012h.
Type = 0x0605.
ESN not available for this cable.
'1': Loading file 'flashram.bit' ...
done.
INFO:iMPACT:1777 - 
   Reading C:/Xilinx/14.6/ISE_DS/ISE/spartan3e/data/xc3s1200e.bsd...
INFO:iMPACT:2257 - Startup Clock has been changed to 'JtagClk' in the bitstream   stored in memory,
   but the original bitstream file remains unchanged.
UserID read from the bitstream file = 0xFFFFFFFF.
INFO:iMPACT:501 - '1': Added Device xc3s1200e successfully.
----------------------------------------------------------------------
----------------------------------------------------------------------
Maximum TCK operating frequency for this device chain: 10000000.
Validating chain...
Boundary-scan chain validated successfully.
'1': IDCODE is '00100001110000101110000010010011'
'1': IDCODE is '21c2e093' (in hex).
'1': : Manufacturer's ID = Xilinx xc3s1200e, Version : 2
Elapsed time =      0 sec.
Maximum TCK operating frequency for this device chain: 10000000.
Validating chain...
Boundary-scan chain validated successfully.
'1': Programming device...
 LCK_cycle = NoWait.
LCK cycle: NoWait
done.
INFO:iMPACT:2219 - Status register values:
INFO:iMPACT - 0011 0111 1111 1000 0000 0000 0000 0000 
INFO:iMPACT:579 - '1': Completed downloading bit file to device.
INFO:iMPACT:188 - '1': Programming completed successfully.
 LCK_cycle = NoWait.
LCK cycle: NoWait
INFO:iMPACT - '1': Checking done pin....done.
'1': Programmed successfully.
Elapsed time =      1 sec.
